2025-02-28 19:51:53,353 - INFO - C:\Users\ladmin\Downloads\lib_test_data\all_type\10009.vsdx: ["CONTROLLED//DISEM-A/DISSEM- (first 100 chars)"] - Med
2025-02-28 19:51:53,643 - INFO - C:\Users\ladmin\Downloads\lib_test_data\all_type\10175.zip: ["CUI Coverpage CV2 detection"] - High
2025-02-28 19:51:58,654 - INFO - C:\Users\ladmin\Downloads\lib_test_data\all_type\10175.pdf: ["CUI Coverpage CV2 detection"] - High
2025-02-28 19:51:58,656 - INFO - C:\Users\ladmin\Downloads\lib_test_data\all_type\1901.xls: ["CUI (first 100 chars)"] - Med
2025-02-28 19:51:59,616 - INFO - C:\Users\ladmin\Downloads\lib_test_data\all_type\2035_tp.odp: ["CUI Coverpage CV2 detection"] - High
2025-02-28 19:51:59,760 - INFO - C:\Users\ladmin\Downloads\lib_test_data\all_type\2077.pptx: ["CUI (first 250 chars) x2", "CUI x15"] - Med
2025-02-28 19:52:00,943 - INFO - C:\Users\ladmin\Downloads\lib_test_data\all_type\2302.msg: ["CUI//SP-CEII (first 100 chars)", "CUI//SP-EXPT (first 250 chars)"] - High
2025-02-28 19:52:02,453 - INFO - C:\Users\ladmin\Downloads\lib_test_data\all_type\2401.gz: ["CUI (first 100 chars)"] - Med
2025-02-28 19:52:02,454 - INFO - C:\Users\ladmin\Downloads\lib_test_data\all_type\2401.html: ["CUI (first 100 chars)"] - Med
2025-02-28 19:52:03,317 - INFO - C:\Users\ladmin\Downloads\lib_test_data\all_type\2401_2.odt: ["CUI (first 100 chars)"] - Med
2025-02-28 19:52:04,169 - INFO - C:\Users\ladmin\Downloads\lib_test_data\all_type\2424.txt: ["CONTROLLED (first 100 chars)", "CONTROLLED//DISSEM-A/DISSEC- (first 100 chars)", "CUI//DISSEM-A/DISSEC- (first 100 chars)"] - High
2025-02-28 19:52:04,169 - INFO - C:\Users\ladmin\Downloads\lib_test_data\all_type\2424_lnk.txt: ["CONTROLLED (first 100 chars)", "CONTROLLED//DISSEM-A/DISSEC- (first 100 chars)", "CUI//DISSEM-A/DISSEC- (first 100 chars)"] - High
2025-02-28 19:52:09,383 - INFO - C:\Users\ladmin\Downloads\lib_test_data\all_type\462.tar: ["CUI Designation Indicator match"] - High
2025-02-28 19:52:16,414 - INFO - C:\Users\ladmin\Downloads\lib_test_data\all_type\content.xml: ["CUI (first 100 chars)"] - Med
2025-02-28 19:52:16,915 - INFO - C:\Users\ladmin\Downloads\lib_test_data\all_type\img_zip.7z: ["CUI Coverpage CV2 detection"] - High
2025-02-28 19:52:17,726 - INFO - C:\Users\ladmin\Downloads\lib_test_data\all_type\SF 18 Signed – RFQ_70B06C22Q00000320_4S_LLC - Copy.rtf: ["CUI (first 100 chars)"] - Med
2025-02-28 19:52:17,726 - INFO - C:\Users\ladmin\Downloads\lib_test_data\all_type\rtf_test.rtf: ["CUI (first 100 chars)"] - Med
2025-02-28 19:52:21,056 - INFO - C:\Users\ladmin\Downloads\lib_test_data\all_type\Test 1 False Positive_cont.docx: ["CONTROLLED"] - Low
2025-02-28 19:52:21,502 - INFO - C:\Users\ladmin\Downloads\lib_test_data\all_type\Test 2 True Positive Type 1.pdf: ["CUI Coverpage CV2 detection"] - High
2025-02-28 19:52:21,680 - INFO - C:\Users\ladmin\Downloads\lib_test_data\all_type\Test 1 True Positive_cont.docx: ["CONTROLLED", "CONTROLLED (first 100 chars)"] - Med
2025-02-28 19:52:22,267 - INFO - C:\Users\ladmin\Downloads\lib_test_data\all_type\Test 3 True Positive Type 1.xlsx: ["SF902 Image CV2 detection", "SF902 or SF903 hash match"] - High
2025-02-28 19:52:22,740 - INFO - C:\Users\ladmin\Downloads\lib_test_data\all_type\test.pdf: ["SF903 Image CV2 detection", "CUI x11"] - High
2025-02-28 19:52:37,763 - INFO - C:\Users\ladmin\Downloads\lib_test_data\all_type\zipper.7z: ["CUI", "SF902 or SF903 hash match"] - High
