2025-02-04 11:41:52,844 - INFO - C:\Users\Nate\Documents\Convergent\spillage\lib_test_data\all_type\10009.vsdx: ["CONTROLLED//DISEM-A/DISSEM- (first 100 chars)"] - High
2025-02-04 11:41:52,844 - INFO - C:\Users\Nate\Documents\Convergent\spillage\lib_test_data\single_file\tester\10009.vsdx: ["CONTROLLED//DISEM-A/DISSEM- (first 100 chars)"] - High
2025-02-04 11:41:52,846 - INFO - C:\Users\Nate\Documents\Convergent\spillage\lib_test_data\tp_all\10009.vsdx: ["CONTROLLED//DISEM-A/DISSEM- (first 100 chars)"] - High
2025-02-04 11:41:52,849 - INFO - C:\Users\Nate\Documents\Convergent\spillage\lib_test_data\test_files\10009.vsdx: ["CONTROLLED//DISEM-A/DISSEM- (first 100 chars)"] - High
2025-02-04 11:41:52,851 - INFO - C:\Users\Nate\Documents\Convergent\spillage\lib_test_data\data_org\vsdx\10009.vsdx: ["CONTROLLED//DISEM-A/DISSEM- (first 100 chars)"] - High
2025-02-04 11:41:52,855 - INFO - C:\Users\Nate\Documents\Convergent\spillage\lib_test_data\all_type\10053.dwg: ["CUI (first 100 chars)"] - Med
2025-02-04 11:41:52,863 - INFO - C:\Users\Nate\Documents\Convergent\spillage\lib_test_data\mock_data\10053.dwg: ["CUI (first 100 chars)"] - Med
2025-02-04 11:41:52,863 - INFO - C:\Users\Nate\Documents\Convergent\spillage\lib_test_data\single_file\tester\10053.dwg: ["CUI (first 100 chars)"] - Med
2025-02-04 11:41:52,867 - INFO - C:\Users\Nate\Documents\Convergent\spillage\lib_test_data\test_files\10053.dwg: ["CUI (first 100 chars)"] - Med
2025-02-04 11:41:52,871 - INFO - C:\Users\Nate\Documents\Convergent\spillage\lib_test_data\data_org\compressed\2401.gz: ["CUI (first 100 chars)"] - Med
2025-02-04 11:41:52,881 - INFO - C:\Users\Nate\Documents\Convergent\spillage\lib_test_data\expansion\2401.gz: ["CUI (first 100 chars)"] - Med
2025-02-04 11:41:52,888 - INFO - C:\Users\Nate\Documents\Convergent\spillage\lib_test_data\all_type\2401.gz: ["CUI (first 100 chars)"] - Med
2025-02-04 11:41:52,888 - INFO - C:\Users\Nate\Documents\Convergent\spillage\lib_test_data\single_file\tester\2401.gz: ["CUI (first 100 chars)"] - Med
2025-02-04 11:41:52,910 - INFO - C:\Users\Nate\Documents\Convergent\spillage\lib_test_data\data_org\compressed\462.docx.xz: ["CUI", "CUI Designation Indicator match"] - High
2025-02-04 11:41:52,910 - INFO - C:\Users\Nate\Documents\Convergent\spillage\lib_test_data\expansion\462.docx.xz: ["CUI", "CUI Designation Indicator match"] - High
2025-02-04 11:41:52,913 - INFO - C:\Users\Nate\Documents\Convergent\spillage\lib_test_data\data_org\compressed\462.docx.bz2: ["CUI Designation Indicator match", "CUI"] - High
2025-02-04 11:41:52,913 - INFO - C:\Users\Nate\Documents\Convergent\spillage\lib_test_data\expansion\462.docx.bz2: ["CUI Designation Indicator match", "CUI"] - High
2025-02-04 11:41:52,918 - INFO - C:\Users\Nate\Documents\Convergent\spillage\lib_test_data\data_org\compressed\462.tar: ["CUI", "CUI Designation Indicator match"] - High
2025-02-04 11:41:52,918 - INFO - C:\Users\Nate\Documents\Convergent\spillage\lib_test_data\expansion\462.tar: ["CUI", "CUI Designation Indicator match"] - High
2025-02-04 11:41:52,922 - INFO - C:\Users\Nate\Documents\Convergent\spillage\lib_test_data\all_type\462.tar: ["CUI", "CUI Designation Indicator match"] - High
2025-02-04 11:41:52,929 - INFO - C:\Users\Nate\Documents\Convergent\spillage\lib_test_data\single_file\tester\462.tar: ["CUI", "CUI Designation Indicator match"] - High
2025-02-04 11:41:52,934 - INFO - C:\Users\Nate\Documents\Convergent\spillage\lib_test_data\all_type\10175.pdf: ["CUI Coverpage CV2 detection"] - High
2025-02-04 11:41:52,934 - INFO - C:\Users\Nate\Documents\Convergent\spillage\lib_test_data\single_file\tester\10175.pdf: ["CUI Coverpage CV2 detection"] - High
2025-02-04 11:41:52,934 - INFO - C:\Users\Nate\Documents\Convergent\spillage\lib_test_data\tp_all\10175.pdf: ["CUI Coverpage CV2 detection"] - High
2025-02-04 11:41:52,941 - INFO - C:\Users\Nate\Documents\Convergent\spillage\lib_test_data\data_org\pdf\10175.pdf: ["CUI Coverpage CV2 detection"] - High
2025-02-04 11:41:52,942 - INFO - C:\Users\Nate\Documents\Convergent\spillage\lib_test_data\Test_CUI_Library_Final_1\10175.pdf: ["CUI Coverpage CV2 detection"] - High
2025-02-04 11:41:52,992 - INFO - C:\Users\Nate\Documents\Convergent\spillage\lib_test_data\data_org\compressed\zipper3.zip: ["CUI Coverpage CV2 detection", "CUI//DISEMA/DISSEMC", "CUI", "SF902 or SF903 hash match", "CONTROLLED//DISEM-A/DISSEM- (first 100 chars)"] - High
2025-02-04 11:41:52,992 - INFO - C:\Users\Nate\Documents\Convergent\spillage\lib_test_data\expansion\zipper3.zip: ["CUI Coverpage CV2 detection", "CUI//DISEMA/DISSEMC", "CUI", "SF902 or SF903 hash match", "CONTROLLED//DISEM-A/DISSEM- (first 100 chars)"] - High
2025-02-04 11:41:52,993 - INFO - C:\Users\Nate\Documents\Convergent\spillage\lib_test_data\all_type\zipper3.zip: ["CUI Coverpage CV2 detection", "CUI//DISEMA/DISSEMC", "CUI", "SF902 or SF903 hash match", "CONTROLLED//DISEM-A/DISSEM- (first 100 chars)"] - High
2025-02-04 11:41:52,997 - INFO - C:\Users\Nate\Documents\Convergent\spillage\lib_test_data\single_file\tester\zipper3.zip: ["CUI Coverpage CV2 detection", "CUI//DISEMA/DISSEMC", "CUI", "SF902 or SF903 hash match", "CONTROLLED//DISEM-A/DISSEM- (first 100 chars)"] - High
2025-02-04 11:41:53,035 - INFO - C:\Users\Nate\Documents\Convergent\spillage\lib_test_data\expansion\2401.odt: ["CUI (first 100 chars)"] - Med
2025-02-04 11:41:53,053 - INFO - C:\Users\Nate\Documents\Convergent\spillage\lib_test_data\data_org\compressed\zipper4.tar.gz: ["CUI Coverpage CV2 detection"] - High
2025-02-04 11:41:53,053 - INFO - C:\Users\Nate\Documents\Convergent\spillage\lib_test_data\expansion\zipper4.tar.gz: ["CUI Coverpage CV2 detection"] - High
2025-02-04 11:41:53,054 - INFO - C:\Users\Nate\Documents\Convergent\spillage\lib_test_data\all_type\zipper4.tar.gz: ["CUI Coverpage CV2 detection"] - High
2025-02-04 11:41:53,054 - INFO - C:\Users\Nate\Documents\Convergent\spillage\lib_test_data\single_file\tester\zipper4.tar.gz: ["CUI Coverpage CV2 detection"] - High
2025-02-04 11:41:53,075 - INFO - C:\Users\Nate\Documents\Convergent\spillage\lib_test_data\all_type\10175.zip: ["CUI Coverpage CV2 detection"] - High
2025-02-04 11:41:53,075 - INFO - C:\Users\Nate\Documents\Convergent\spillage\lib_test_data\single_file\tester\10175.zip: ["CUI Coverpage CV2 detection"] - High
2025-02-04 11:41:53,081 - INFO - C:\Users\Nate\Documents\Convergent\spillage\lib_test_data\all_type\1525.xlsx: ["SF902 or SF903 hash match"] - High
2025-02-04 11:41:53,081 - INFO - C:\Users\Nate\Documents\Convergent\spillage\lib_test_data\mock_data\tester\Test 3 True Positive Type 1.xlsx: ["SF902 or SF903 hash match"] - High
2025-02-04 11:41:53,084 - INFO - C:\Users\Nate\Documents\Convergent\spillage\lib_test_data\new_test_data\Test 3 True Positive Type 1.xlsx: ["SF902 or SF903 hash match"] - High
2025-02-04 11:41:53,084 - INFO - C:\Users\Nate\Documents\Convergent\spillage\lib_test_data\single_file\tester\1525.xlsx: ["SF902 or SF903 hash match"] - High
2025-02-04 11:41:53,098 - INFO - C:\Users\Nate\Documents\Convergent\spillage\lib_test_data\tp_all\1525.xlsx: ["SF902 or SF903 hash match"] - High
2025-02-04 11:41:53,107 - INFO - C:\Users\Nate\Documents\Convergent\spillage\lib_test_data\data_org\xlsx\1525.xlsx: ["SF902 or SF903 hash match"] - High
2025-02-04 11:41:53,107 - INFO - C:\Users\Nate\Documents\Convergent\spillage\lib_test_data\data_org\xlsx\Test 3 True Positive Type 1.xlsx: ["SF902 or SF903 hash match"] - High
2025-02-04 11:41:53,113 - INFO - C:\Users\Nate\Documents\Convergent\spillage\lib_test_data\Test_CUI_Library_Final_1\1525.xlsx: ["SF902 or SF903 hash match"] - High
2025-02-04 11:41:53,118 - INFO - C:\Users\Nate\Documents\Convergent\spillage\lib_test_data\data_org\compressed\zipper.7z: ["SF902 or SF903 hash match", "CUI", "CUI Coverpage CV2 detection"] - High
2025-02-04 11:41:53,119 - INFO - C:\Users\Nate\Documents\Convergent\spillage\lib_test_data\expansion\zipper.7z: ["SF902 or SF903 hash match", "CUI", "CUI Coverpage CV2 detection"] - High
2025-02-04 11:41:53,119 - INFO - C:\Users\Nate\Documents\Convergent\spillage\lib_test_data\all_type\zipper.7z: ["SF902 or SF903 hash match", "CUI", "CUI Coverpage CV2 detection"] - High
2025-02-04 11:41:53,119 - INFO - C:\Users\Nate\Documents\Convergent\spillage\lib_test_data\single_file\tester\zipper.7z: ["SF902 or SF903 hash match", "CUI", "CUI Coverpage CV2 detection"] - High
2025-02-04 11:41:53,129 - INFO - C:\Users\Nate\Documents\Convergent\spillage\lib_test_data\expansion\2401.html: ["CUI (first 100 chars)"] - Med
2025-02-04 11:41:53,129 - INFO - C:\Users\Nate\Documents\Convergent\spillage\lib_test_data\all_type\2401.html: ["CUI (first 100 chars)"] - Med
2025-02-04 11:41:53,129 - INFO - C:\Users\Nate\Documents\Convergent\spillage\lib_test_data\single_file\tester\2401.html: ["CUI (first 100 chars)"] - Med
2025-02-04 11:41:53,135 - INFO - C:\Users\Nate\Documents\Convergent\spillage\lib_test_data\all_type\1901.xls: ["CUI (first 100 chars)"] - Med
2025-02-04 11:41:53,135 - INFO - C:\Users\Nate\Documents\Convergent\spillage\lib_test_data\single_file\tester\1901.xls: ["CUI (first 100 chars)"] - Med
2025-02-04 11:41:53,136 - INFO - C:\Users\Nate\Documents\Convergent\spillage\lib_test_data\tp_all\1901.xls: ["CUI (first 100 chars)"] - Med
2025-02-04 11:41:53,148 - INFO - C:\Users\Nate\Documents\Convergent\spillage\lib_test_data\data_org\xls\1901.xls: ["CUI (first 100 chars)"] - Med
2025-02-04 11:41:53,158 - INFO - C:\Users\Nate\Documents\Convergent\spillage\lib_test_data\large_files\Test 3 True Positive Type 1.xlsx: ["SF902 Image CV2 detection", "SF902 or SF903 hash match"] - High
2025-02-04 11:41:53,174 - INFO - C:\Users\Nate\Documents\Convergent\spillage\lib_test_data\all_type\2302.msg: ["CUI//SP-CEII (first 100 chars)", "CUI//SP-EXPT (first 250 chars)"] - High
2025-02-04 11:41:53,174 - INFO - C:\Users\Nate\Documents\Convergent\spillage\lib_test_data\data_org\msg\2302.msg: ["CUI//SP-CEII (first 100 chars)", "CUI//SP-EXPT (first 250 chars)"] - High
2025-02-04 11:41:53,180 - INFO - C:\Users\Nate\Documents\Convergent\spillage\lib_test_data\single_file\tester\2302.msg: ["CUI//SP-CEII (first 100 chars)", "CUI//SP-EXPT (first 250 chars)"] - High
2025-02-04 11:41:53,180 - INFO - C:\Users\Nate\Documents\Convergent\spillage\lib_test_data\data_org\msg\2355.msg: ["CUI//SP-CEII (first 100 chars)", "CUI//SP-EXPT (first 250 chars)"] - High
2025-02-04 11:41:53,185 - INFO - C:\Users\Nate\Documents\Convergent\spillage\lib_test_data\tp_all\2302.msg: ["CUI//SP-CEII (first 100 chars)", "CUI//SP-EXPT (first 250 chars)"] - High
2025-02-04 11:41:53,193 - INFO - C:\Users\Nate\Documents\Convergent\spillage\lib_test_data\tp_all\2355.msg: ["CUI//SP-CEII (first 100 chars)", "CUI//SP-EXPT (first 250 chars)"] - High
2025-02-04 11:41:53,193 - INFO - C:\Users\Nate\Documents\Convergent\spillage\lib_test_data\Test_CUI_Library_Final_1\2302.msg: ["CUI//SP-CEII (first 100 chars)", "CUI//SP-EXPT (first 250 chars)"] - High
2025-02-04 11:41:53,194 - INFO - C:\Users\Nate\Documents\Convergent\spillage\lib_test_data\Test_CUI_Library_Final_1\2355.msg: ["CUI//SP-CEII (first 100 chars)", "CUI//SP-EXPT (first 250 chars)"] - High
2025-02-04 11:41:53,244 - INFO - C:\Users\Nate\Documents\Convergent\spillage\lib_test_data\expansion\462.docx: ["CUI Designation Indicator match", "CUI"] - High
2025-02-04 11:41:53,250 - INFO - C:\Users\Nate\Documents\Convergent\spillage\lib_test_data\expansion\2401_2.odt: ["CUI (first 100 chars)"] - Med
2025-02-04 11:41:53,250 - INFO - C:\Users\Nate\Documents\Convergent\spillage\lib_test_data\all_type\2401_2.odt: ["CUI (first 100 chars)"] - Med
2025-02-04 11:41:53,251 - INFO - C:\Users\Nate\Documents\Convergent\spillage\lib_test_data\single_file\tester\2401_2.odt: ["CUI (first 100 chars)"] - Med
2025-02-04 11:41:53,255 - INFO - C:\Users\Nate\Documents\Convergent\spillage\lib_test_data\all_type\2035_tp.odp: ["CUI Coverpage CV2 detection"] - High
2025-02-04 11:41:53,255 - INFO - C:\Users\Nate\Documents\Convergent\spillage\lib_test_data\single_file\tester\2035_tp.odp: ["CUI Coverpage CV2 detection"] - High
2025-02-04 11:41:53,260 - INFO - C:\Users\Nate\Documents\Convergent\spillage\lib_test_data\all_type\2077.pptx: ["CUI"] - Low
2025-02-04 11:41:53,261 - INFO - C:\Users\Nate\Documents\Convergent\spillage\lib_test_data\single_file\tester\2077.pptx: ["CUI"] - Low
2025-02-04 11:41:53,261 - INFO - C:\Users\Nate\Documents\Convergent\spillage\lib_test_data\tp_all\2077.pptx: ["CUI"] - Low
2025-02-04 11:41:53,262 - INFO - C:\Users\Nate\Documents\Convergent\spillage\lib_test_data\data_org\pptx\2077.pptx: ["CUI"] - Low
2025-02-04 11:41:53,262 - INFO - C:\Users\Nate\Documents\Convergent\spillage\lib_test_data\Test_CUI_Library_Final_1\2077.pptx: ["CUI"] - Low
2025-02-04 11:41:53,267 - INFO - C:\Users\Nate\Documents\Convergent\spillage\lib_test_data\all_type\2136.ppt: ["CUI Coverpage CV2 detection"] - High
2025-02-04 11:41:53,267 - INFO - C:\Users\Nate\Documents\Convergent\spillage\lib_test_data\single_file\tester\2136.ppt: ["CUI Coverpage CV2 detection"] - High
2025-02-04 11:41:53,272 - INFO - C:\Users\Nate\Documents\Convergent\spillage\lib_test_data\expansion\2401.rtf: ["CUI (first 100 chars)"] - Med
2025-02-04 11:41:53,272 - INFO - C:\Users\Nate\Documents\Convergent\spillage\lib_test_data\all_type\rtf_test.rtf: ["CUI (first 100 chars)"] - Med
2025-02-04 11:41:53,272 - INFO - C:\Users\Nate\Documents\Convergent\spillage\lib_test_data\all_type\SF 18 Signed – RFQ_70B06C22Q00000320_4S_LLC - Copy.rtf: ["CUI (first 100 chars)"] - Med
2025-02-04 11:41:53,273 - INFO - C:\Users\Nate\Documents\Convergent\spillage\lib_test_data\single_file\tester\rtf_test.rtf: ["CUI (first 100 chars)"] - Med
2025-02-04 11:41:53,273 - INFO - C:\Users\Nate\Documents\Convergent\spillage\lib_test_data\single_file\tester\SF 18 Signed – RFQ_70B06C22Q00000320_4S_LLC - Copy.rtf: ["CUI (first 100 chars)"] - Med
2025-02-04 11:41:53,339 - INFO - C:\Users\Nate\Documents\Convergent\spillage\lib_test_data\all_type\2424.txt: ["CUI//DISSEM-A/DISSEC- (first 100 chars)"] - High
2025-02-04 11:41:53,339 - INFO - C:\Users\Nate\Documents\Convergent\spillage\lib_test_data\all_type\2424_lnk.txt: ["CUI//DISSEM-A/DISSEC- (first 100 chars)"] - High
2025-02-04 11:41:53,340 - INFO - C:\Users\Nate\Documents\Convergent\spillage\lib_test_data\single_file\2424.txt: ["CUI//DISSEM-A/DISSEC- (first 100 chars)"] - High
2025-02-04 11:41:53,341 - INFO - C:\Users\Nate\Documents\Convergent\spillage\lib_test_data\single_file\tester\2424.txt: ["CUI//DISSEM-A/DISSEC- (first 100 chars)"] - High
2025-02-04 11:41:53,341 - INFO - C:\Users\Nate\Documents\Convergent\spillage\lib_test_data\single_file\tester\2424_lnk.txt: ["CUI//DISSEM-A/DISSEC- (first 100 chars)"] - High
2025-02-04 11:41:53,346 - INFO - C:\Users\Nate\Documents\Convergent\spillage\lib_test_data\mock_data\10072.dwg: ["CUI"] - Low
2025-02-04 11:41:53,346 - INFO - C:\Users\Nate\Documents\Convergent\spillage\lib_test_data\new_test_data\F812452.dwg: ["CUI"] - Low
2025-02-04 11:41:53,346 - INFO - C:\Users\Nate\Documents\Convergent\spillage\lib_test_data\data_org\dwg\F812452.dwg: ["CUI"] - Low
2025-02-04 11:41:53,347 - INFO - C:\Users\Nate\Documents\Convergent\spillage\lib_test_data\tp_all\F812452.dwg: ["CUI"] - Low
2025-02-04 11:41:53,347 - INFO - C:\Users\Nate\Documents\Convergent\spillage\lib_test_data\test_files\10072.dwg: ["CUI"] - Low
2025-02-04 11:41:53,348 - INFO - C:\Users\Nate\Documents\Convergent\spillage\lib_test_data\test_lib_2\JCI Test CUI Library 2\10072.dwg: ["CUI"] - Low
2025-02-04 11:41:53,352 - INFO - C:\Users\Nate\Documents\Convergent\spillage\lib_test_data\mock_data\10076.dwg: ["CUI (first 100 chars)"] - Med
2025-02-04 11:41:53,353 - INFO - C:\Users\Nate\Documents\Convergent\spillage\lib_test_data\test_files\10076.dwg: ["CUI (first 100 chars)"] - Med
2025-02-04 11:41:53,359 - INFO - C:\Users\Nate\Documents\Convergent\spillage\lib_test_data\mock_data\10088.dwg: ["CONTROLLED (first 100 chars)"] - Med
2025-02-04 11:41:53,359 - INFO - C:\Users\Nate\Documents\Convergent\spillage\lib_test_data\test_files\10088.dwg: ["CONTROLLED (first 100 chars)"] - Med
2025-02-04 11:41:53,364 - INFO - C:\Users\Nate\Documents\Convergent\spillage\lib_test_data\mock_data\10095.dwg: ["CONTROLLED (first 100 chars)"] - Med
2025-02-04 11:41:53,364 - INFO - C:\Users\Nate\Documents\Convergent\spillage\lib_test_data\test_files\10095.dwg: ["CONTROLLED (first 100 chars)"] - Med
2025-02-04 11:41:53,388 - INFO - C:\Users\Nate\Documents\Convergent\spillage\lib_test_data\expansion\sf_903_tp.docx: ["SF902 or SF903 hash match"] - High
2025-02-04 11:41:53,388 - INFO - C:\Users\Nate\Documents\Convergent\spillage\lib_test_data\all_type\sf_903_tp.docx: ["SF902 or SF903 hash match"] - High
2025-02-04 11:41:53,390 - INFO - C:\Users\Nate\Documents\Convergent\spillage\lib_test_data\single_file\tester\sf_903_tp.docx: ["SF902 or SF903 hash match"] - High
2025-02-04 11:41:53,431 - INFO - C:\Users\Nate\Documents\Convergent\spillage\lib_test_data\all_type\855.doc: ["CUI//DISEMA/DISSEMC"] - High
2025-02-04 11:41:53,432 - INFO - C:\Users\Nate\Documents\Convergent\spillage\lib_test_data\single_file\tester\855.doc: ["CUI//DISEMA/DISSEMC"] - High
2025-02-04 11:41:53,433 - INFO - C:\Users\Nate\Documents\Convergent\spillage\lib_test_data\tp_all\855.doc: ["CUI//DISEMA/DISSEMC"] - High
2025-02-04 11:41:53,433 - INFO - C:\Users\Nate\Documents\Convergent\spillage\lib_test_data\data_org\doc\855.doc: ["CUI//DISEMA/DISSEMC"] - High
2025-02-04 11:41:53,438 - INFO - C:\Users\Nate\Documents\Convergent\spillage\lib_test_data\new_test_data\Test 1 False Positive_cont.docx: ["CONTROLLED"] - Low
2025-02-04 11:41:53,438 - INFO - C:\Users\Nate\Documents\Convergent\spillage\lib_test_data\all_type\Test 1 False Positive_cont.docx: ["CONTROLLED"] - Low
2025-02-04 11:41:53,438 - INFO - C:\Users\Nate\Documents\Convergent\spillage\lib_test_data\single_file\tester\Test 1 False Positive_cont.docx: ["CONTROLLED"] - Low
2025-02-04 11:41:53,442 - INFO - C:\Users\Nate\Documents\Convergent\spillage\lib_test_data\expansion\zipper2.zip: ["CUI Coverpage CV2 detection", "CUI"] - High
2025-02-04 11:41:53,451 - INFO - C:\Users\Nate\Documents\Convergent\spillage\lib_test_data\new_test_data\Test 1 True Positive Type 2.docx: ["CONTROLLED (first 100 chars)"] - Med
2025-02-04 11:41:53,451 - INFO - C:\Users\Nate\Documents\Convergent\spillage\lib_test_data\mock_data\tester\Test 1 True Positive Type 2.docx: ["CONTROLLED (first 100 chars)"] - Med
2025-02-04 11:41:53,452 - INFO - C:\Users\Nate\Documents\Convergent\spillage\lib_test_data\tp_all\237.docx: ["CONTROLLED (first 100 chars)"] - Med
2025-02-04 11:41:53,452 - INFO - C:\Users\Nate\Documents\Convergent\spillage\lib_test_data\data_org\docx\237.docx: ["CONTROLLED (first 100 chars)"] - Med
2025-02-04 11:41:53,452 - INFO - C:\Users\Nate\Documents\Convergent\spillage\lib_test_data\data_org\docx\Test 1 True Positive Type 2.docx: ["CONTROLLED (first 100 chars)"] - Med
2025-02-04 11:41:53,453 - INFO - C:\Users\Nate\Documents\Convergent\spillage\lib_test_data\Test_CUI_Library_Final_1\237.docx: ["CONTROLLED (first 100 chars)"] - Med
2025-02-04 11:41:53,464 - INFO - C:\Users\Nate\Documents\Convergent\spillage\lib_test_data\expansion\zipper.zip: ["SF902 or SF903 hash match", "CUI", "CUI Coverpage CV2 detection"] - High
2025-02-04 11:41:53,482 - INFO - C:\Users\Nate\Documents\Convergent\spillage\lib_test_data\all_type\content.xml: ["CUI (first 100 chars)"] - Med
2025-02-04 11:41:53,483 - INFO - C:\Users\Nate\Documents\Convergent\spillage\lib_test_data\single_file\tester\content.xml: ["CUI (first 100 chars)"] - Med
2025-02-04 11:41:53,487 - INFO - C:\Users\Nate\Documents\Convergent\spillage\lib_test_data\all_type\Honu Project Plan for scanning tests PDF.pdf: ["CUI"] - Low
2025-02-04 11:41:53,487 - INFO - C:\Users\Nate\Documents\Convergent\spillage\lib_test_data\single_file\tester\Honu Project Plan for scanning tests PDF.pdf: ["CUI"] - Low
2025-02-04 11:41:53,509 - INFO - C:\Users\Nate\Documents\Convergent\spillage\lib_test_data\all_type\Honu Project Plan for scanning tests xls.xlsx: ["CUI"] - Low
2025-02-04 11:41:53,509 - INFO - C:\Users\Nate\Documents\Convergent\spillage\lib_test_data\single_file\tester\Honu Project Plan for scanning tests xls.xlsx: ["CUI"] - Low
2025-02-04 11:41:53,516 - INFO - C:\Users\Nate\Documents\Convergent\spillage\lib_test_data\mock_data\tester\Test 1 True Positive Type 4.docx: ["CUI//DISEM-A/DISSEM- (first 100 chars)", "CUI Designation Indicator match", "CUI"] - High
2025-02-04 11:41:53,516 - INFO - C:\Users\Nate\Documents\Convergent\spillage\lib_test_data\new_test_data\Test 1 True Positive Type 4.docx: ["CUI//DISEM-A/DISSEM- (first 100 chars)", "CUI Designation Indicator match", "CUI"] - High
2025-02-04 11:41:53,517 - INFO - C:\Users\Nate\Documents\Convergent\spillage\lib_test_data\tp_all\346.docx: ["CUI//DISEM-A/DISSEM- (first 100 chars)", "CUI Designation Indicator match", "CUI"] - High
2025-02-04 11:41:53,517 - INFO - C:\Users\Nate\Documents\Convergent\spillage\lib_test_data\data_org\docx\346.docx: ["CUI//DISEM-A/DISSEM- (first 100 chars)", "CUI Designation Indicator match", "CUI"] - High
2025-02-04 11:41:53,518 - INFO - C:\Users\Nate\Documents\Convergent\spillage\lib_test_data\data_org\docx\Test 1 True Positive Type 4.docx: ["CUI//DISEM-A/DISSEM- (first 100 chars)", "CUI Designation Indicator match", "CUI"] - High
2025-02-04 11:41:53,518 - INFO - C:\Users\Nate\Documents\Convergent\spillage\lib_test_data\Test_CUI_Library_Final_1\346.docx: ["CUI//DISEM-A/DISSEM- (first 100 chars)", "CUI Designation Indicator match", "CUI"] - High
2025-02-04 11:41:53,525 - INFO - C:\Users\Nate\Documents\Convergent\spillage\lib_test_data\mock_data\tester\dir_x\Test 1 True Positive Type 3.docx: ["CUI"] - Low
2025-02-04 11:41:53,525 - INFO - C:\Users\Nate\Documents\Convergent\spillage\lib_test_data\new_test_data\Test 1 True Positive Type 3.docx: ["CUI"] - Low
2025-02-04 11:41:53,525 - INFO - C:\Users\Nate\Documents\Convergent\spillage\lib_test_data\tp_all\257.docx: ["CUI"] - Low
2025-02-04 11:41:53,525 - INFO - C:\Users\Nate\Documents\Convergent\spillage\lib_test_data\data_org\docx\257.docx: ["CUI"] - Low
2025-02-04 11:41:53,525 - INFO - C:\Users\Nate\Documents\Convergent\spillage\lib_test_data\data_org\docx\Test 1 True Positive Type 3.docx: ["CUI"] - Low
2025-02-04 11:41:53,526 - INFO - C:\Users\Nate\Documents\Convergent\spillage\lib_test_data\Test_CUI_Library_Final_1\257.docx: ["CUI"] - Low
2025-02-04 11:41:53,526 - INFO - C:\Users\Nate\Documents\Convergent\spillage\lib_test_data\test_lib_2\JCI Test CUI Library 2\257.docx: ["CUI"] - Low
2025-02-04 11:41:53,559 - INFO - C:\Users\Nate\Documents\Convergent\spillage\lib_test_data\mock_data\tester\dir_x\Test 2 True Positive Type 2.pdf: ["CUI (first 100 chars)", "CUI"] - Med
2025-02-04 11:41:53,559 - INFO - C:\Users\Nate\Documents\Convergent\spillage\lib_test_data\new_test_data\Test 2 True Positive Type 2.pdf: ["CUI (first 100 chars)", "CUI"] - Med
2025-02-04 11:41:53,561 - INFO - C:\Users\Nate\Documents\Convergent\spillage\lib_test_data\single_file\1307.pdf: ["CUI (first 100 chars)", "CUI"] - Med
2025-02-04 11:41:53,561 - INFO - C:\Users\Nate\Documents\Convergent\spillage\lib_test_data\tp_all\1307.pdf: ["CUI (first 100 chars)", "CUI"] - Med
2025-02-04 11:41:53,562 - INFO - C:\Users\Nate\Documents\Convergent\spillage\lib_test_data\data_org\pdf\1307.pdf: ["CUI (first 100 chars)", "CUI"] - Med
2025-02-04 11:41:53,562 - INFO - C:\Users\Nate\Documents\Convergent\spillage\lib_test_data\Test_CUI_Library_Final_1\1307.pdf: ["CUI (first 100 chars)", "CUI"] - Med
2025-02-04 11:41:53,562 - INFO - C:\Users\Nate\Documents\Convergent\spillage\lib_test_data\data_org\pdf\Test 2 True Positive Type 2.pdf: ["CUI (first 100 chars)", "CUI"] - Med
2025-02-04 11:41:53,567 - INFO - C:\Users\Nate\Documents\Convergent\spillage\lib_test_data\mock_data\test2\test3.zip: ["CONTROLLED//DISEM-A/DISSEM-", "CUI", "CONTROLLED", "CUI//DISEM-A/DISSEM-"] - High
2025-02-04 11:41:53,573 - INFO - C:\Users\Nate\Documents\Convergent\spillage\lib_test_data\mock_data\tester\Test 1 True Positive Type 5.docx: ["CUI Designation Indicator match", "CUI", "CONTROLLED//DISEM-A/DISSEM- (first 100 chars)"] - High
2025-02-04 11:41:53,574 - INFO - C:\Users\Nate\Documents\Convergent\spillage\lib_test_data\new_test_data\Test 1 True Positive Type 5.docx: ["CUI Designation Indicator match", "CUI", "CONTROLLED//DISEM-A/DISSEM- (first 100 chars)"] - High
2025-02-04 11:41:53,574 - INFO - C:\Users\Nate\Documents\Convergent\spillage\lib_test_data\tp_all\462.docx: ["CUI Designation Indicator match", "CUI", "CONTROLLED//DISEM-A/DISSEM- (first 100 chars)"] - High
2025-02-04 11:41:53,574 - INFO - C:\Users\Nate\Documents\Convergent\spillage\lib_test_data\data_org\docx\462.docx: ["CUI Designation Indicator match", "CUI", "CONTROLLED//DISEM-A/DISSEM- (first 100 chars)"] - High
2025-02-04 11:41:53,575 - INFO - C:\Users\Nate\Documents\Convergent\spillage\lib_test_data\data_org\docx\Test 1 True Positive Type 5.docx: ["CUI Designation Indicator match", "CUI", "CONTROLLED//DISEM-A/DISSEM- (first 100 chars)"] - High
2025-02-04 11:41:53,575 - INFO - C:\Users\Nate\Documents\Convergent\spillage\lib_test_data\Test_CUI_Library_Final_1\462.docx: ["CUI Designation Indicator match", "CUI", "CONTROLLED//DISEM-A/DISSEM- (first 100 chars)"] - High
2025-02-04 11:41:53,580 - INFO - C:\Users\Nate\Documents\Convergent\spillage\lib_test_data\mock_data\tester\dir_x\Test 2 True Positive Type 4.pdf: ["CUI"] - Low
2025-02-04 11:41:53,580 - INFO - C:\Users\Nate\Documents\Convergent\spillage\lib_test_data\new_test_data\Test 2 True Positive Type 4.pdf: ["CUI"] - Low
2025-02-04 11:41:53,581 - INFO - C:\Users\Nate\Documents\Convergent\spillage\lib_test_data\tp_all\1412.pdf: ["CUI"] - Low
2025-02-04 11:41:53,582 - INFO - C:\Users\Nate\Documents\Convergent\spillage\lib_test_data\data_org\pdf\1412.pdf: ["CUI"] - Low
2025-02-04 11:41:53,582 - INFO - C:\Users\Nate\Documents\Convergent\spillage\lib_test_data\Test_CUI_Library_Final_1\1412.pdf: ["CUI"] - Low
2025-02-04 11:41:53,582 - INFO - C:\Users\Nate\Documents\Convergent\spillage\lib_test_data\data_org\pdf\Test 2 True Positive Type 4.pdf: ["CUI"] - Low
2025-02-04 11:41:53,600 - INFO - C:\Users\Nate\Documents\Convergent\spillage\lib_test_data\all_type\img_zip.7z: ["CUI Coverpage CV2 detection"] - High
2025-02-04 11:41:53,600 - INFO - C:\Users\Nate\Documents\Convergent\spillage\lib_test_data\single_file\tester\img_zip.7z: ["CUI Coverpage CV2 detection"] - High
2025-02-04 11:41:53,615 - INFO - C:\Users\Nate\Documents\Convergent\spillage\lib_test_data\all_type\img_zip\cui_cov.bmp: ["CUI Coverpage CV2 detection"] - High
2025-02-04 11:41:53,617 - INFO - C:\Users\Nate\Documents\Convergent\spillage\lib_test_data\test_images\cui_cov.bmp: ["CUI Coverpage CV2 detection"] - High
2025-02-04 11:41:53,630 - INFO - C:\Users\Nate\Documents\Convergent\spillage\lib_test_data\all_type\img_zip\cui_cov.dib: ["CUI Coverpage CV2 detection"] - High
2025-02-04 11:41:53,631 - INFO - C:\Users\Nate\Documents\Convergent\spillage\lib_test_data\test_images\cui_cov.dib: ["CUI Coverpage CV2 detection"] - High
2025-02-04 11:41:53,637 - INFO - C:\Users\Nate\Documents\Convergent\spillage\lib_test_data\all_type\img_zip\cui_cov.gif: ["CUI Coverpage CV2 detection"] - High
2025-02-04 11:41:53,637 - INFO - C:\Users\Nate\Documents\Convergent\spillage\lib_test_data\test_images\cui_cov.gif: ["CUI Coverpage CV2 detection"] - High
2025-02-04 11:41:53,645 - INFO - C:\Users\Nate\Documents\Convergent\spillage\lib_test_data\all_type\img_zip\cui_cov.jpg: ["CUI Coverpage CV2 detection"] - High
2025-02-04 11:41:53,645 - INFO - C:\Users\Nate\Documents\Convergent\spillage\lib_test_data\test_images\cui_cov.jpg: ["CUI Coverpage CV2 detection"] - High
2025-02-04 11:41:53,662 - INFO - C:\Users\Nate\Documents\Convergent\spillage\lib_test_data\all_type\img_zip\cui_cov.png: ["CUI Coverpage CV2 detection"] - High
2025-02-04 11:41:53,663 - INFO - C:\Users\Nate\Documents\Convergent\spillage\lib_test_data\test_images\cui_cov.png: ["CUI Coverpage CV2 detection"] - High
2025-02-04 11:41:53,705 - INFO - C:\Users\Nate\Documents\Convergent\spillage\lib_test_data\mock_data\tester\dir_x\Test 3 True Positive Type 2.xlsx: ["CUI (first 100 chars)", "CUI Coverpage CV2 detection"] - High
2025-02-04 11:41:53,705 - INFO - C:\Users\Nate\Documents\Convergent\spillage\lib_test_data\new_test_data\Test 3 True Positive Type 2.xlsx: ["CUI (first 100 chars)", "CUI Coverpage CV2 detection"] - High
2025-02-04 11:41:53,707 - INFO - C:\Users\Nate\Documents\Convergent\spillage\lib_test_data\tp_all\1638.xlsx: ["CUI (first 100 chars)", "CUI Coverpage CV2 detection"] - High
2025-02-04 11:41:53,707 - INFO - C:\Users\Nate\Documents\Convergent\spillage\lib_test_data\data_org\xlsx\1638.xlsx: ["CUI (first 100 chars)", "CUI Coverpage CV2 detection"] - High
2025-02-04 11:41:53,707 - INFO - C:\Users\Nate\Documents\Convergent\spillage\lib_test_data\data_org\xlsx\Test 3 True Positive Type 2.xlsx: ["CUI (first 100 chars)", "CUI Coverpage CV2 detection"] - High
2025-02-04 11:41:53,707 - INFO - C:\Users\Nate\Documents\Convergent\spillage\lib_test_data\Test_CUI_Library_Final_1\1638.xlsx: ["CUI (first 100 chars)", "CUI Coverpage CV2 detection"] - High
2025-02-04 11:41:53,712 - INFO - C:\Users\Nate\Documents\Convergent\spillage\lib_test_data\mock_data\tester\Test 2 True Positive Type 1.pdf: ["CUI Coverpage CV2 detection"] - High
2025-02-04 11:41:53,712 - INFO - C:\Users\Nate\Documents\Convergent\spillage\lib_test_data\all_type\Test 2 True Positive Type 1.pdf: ["CUI Coverpage CV2 detection"] - High
2025-02-04 11:41:53,712 - INFO - C:\Users\Nate\Documents\Convergent\spillage\lib_test_data\new_test_data\Test 2 True Positive Type 1.pdf: ["CUI Coverpage CV2 detection"] - High
2025-02-04 11:41:53,713 - INFO - C:\Users\Nate\Documents\Convergent\spillage\lib_test_data\single_file\tester\Test 2 True Positive Type 1.pdf: ["CUI Coverpage CV2 detection"] - High
2025-02-04 11:41:53,713 - INFO - C:\Users\Nate\Documents\Convergent\spillage\lib_test_data\tp_all\1111.pdf: ["CUI Coverpage CV2 detection"] - High
2025-02-04 11:41:53,714 - INFO - C:\Users\Nate\Documents\Convergent\spillage\lib_test_data\data_org\pdf\1111.pdf: ["CUI Coverpage CV2 detection"] - High
2025-02-04 11:41:53,714 - INFO - C:\Users\Nate\Documents\Convergent\spillage\lib_test_data\Test_CUI_Library_Final_1\1111.pdf: ["CUI Coverpage CV2 detection"] - High
2025-02-04 11:41:53,714 - INFO - C:\Users\Nate\Documents\Convergent\spillage\lib_test_data\data_org\pdf\Test 2 True Positive Type 1.pdf: ["CUI Coverpage CV2 detection"] - High
2025-02-04 11:41:53,745 - INFO - C:\Users\Nate\Documents\Convergent\spillage\lib_test_data\all_type\img_zip\cui_cov.tif: ["CUI Coverpage CV2 detection"] - High
2025-02-04 11:41:53,745 - INFO - C:\Users\Nate\Documents\Convergent\spillage\lib_test_data\test_images\cui_cov.tif: ["CUI Coverpage CV2 detection"] - High
2025-02-04 11:41:53,754 - INFO - C:\Users\Nate\Documents\Convergent\spillage\lib_test_data\all_type\Test 1 True Positive_cont.docx: ["CONTROLLED", "CONTROLLED (first 100 chars)"] - Med
2025-02-04 11:41:53,755 - INFO - C:\Users\Nate\Documents\Convergent\spillage\lib_test_data\single_file\tester\Test 1 True Positive_cont.docx: ["CONTROLLED", "CONTROLLED (first 100 chars)"] - Med
2025-02-04 11:41:53,759 - INFO - C:\Users\Nate\Documents\Convergent\spillage\lib_test_data\all_type\img_zip\cui_cov.tiff: ["CUI Coverpage CV2 detection"] - High
2025-02-04 11:41:53,760 - INFO - C:\Users\Nate\Documents\Convergent\spillage\lib_test_data\test_images\cui_cov.tiff: ["CUI Coverpage CV2 detection"] - High
2025-02-04 11:41:53,788 - INFO - C:\Users\Nate\Documents\Convergent\spillage\lib_test_data\all_type\Test 3 True Positive Type 1.xlsx: ["SF902 or SF903 hash match", "SF902 Image CV2 detection"] - High
2025-02-04 11:41:53,788 - INFO - C:\Users\Nate\Documents\Convergent\spillage\lib_test_data\single_file\tester\Test 3 True Positive Type 1.xlsx: ["SF902 or SF903 hash match", "SF902 Image CV2 detection"] - High
2025-02-04 11:41:53,811 - INFO - C:\Users\Nate\Documents\Convergent\spillage\lib_test_data\all_type\test.pdf: ["SF903 Image CV2 detection", "CUI"] - High
2025-02-04 11:41:53,811 - INFO - C:\Users\Nate\Documents\Convergent\spillage\lib_test_data\single_file\tester\test.pdf: ["SF903 Image CV2 detection", "CUI"] - High
2025-02-04 11:41:53,821 - INFO - C:\Users\Nate\Documents\Convergent\spillage\lib_test_data\all_type\Test 5 True Positive.pdf: ["CUI Coverpage CV2 detection"] - High
2025-02-04 11:41:53,821 - INFO - C:\Users\Nate\Documents\Convergent\spillage\lib_test_data\mock_data\tester\Test 5 True Positive.pdf: ["CUI Coverpage CV2 detection"] - High
2025-02-04 11:41:53,822 - INFO - C:\Users\Nate\Documents\Convergent\spillage\lib_test_data\new_test_data\Test 5 True Positive.pdf: ["CUI Coverpage CV2 detection"] - High
2025-02-04 11:41:53,822 - INFO - C:\Users\Nate\Documents\Convergent\spillage\lib_test_data\single_file\tester\Test 5 True Positive.pdf: ["CUI Coverpage CV2 detection"] - High
2025-02-04 11:41:53,822 - INFO - C:\Users\Nate\Documents\Convergent\spillage\lib_test_data\tp_all\2571.pdf: ["CUI Coverpage CV2 detection"] - High
2025-02-04 11:41:53,823 - INFO - C:\Users\Nate\Documents\Convergent\spillage\lib_test_data\data_org\pdf\2571.pdf: ["CUI Coverpage CV2 detection"] - High
2025-02-04 11:41:53,823 - INFO - C:\Users\Nate\Documents\Convergent\spillage\lib_test_data\data_org\pdf\Test 5 True Positive.pdf: ["CUI Coverpage CV2 detection"] - High
2025-02-04 11:41:53,824 - INFO - C:\Users\Nate\Documents\Convergent\spillage\lib_test_data\Test_CUI_Library_Final_1\2571.pdf: ["CUI Coverpage CV2 detection"] - High
2025-02-04 11:41:53,827 - INFO - C:\Users\Nate\Documents\Convergent\spillage\lib_test_data\single_file\controlled_fp_tack_cont.docx: ["CUI//SP (first 100 chars)"] - High
2025-02-04 11:41:53,849 - INFO - C:\Users\Nate\Documents\Convergent\spillage\lib_test_data\single_file\2136.ppt: ["CUI Coverpage CV2 detection"] - High
2025-02-04 11:41:53,849 - INFO - C:\Users\Nate\Documents\Convergent\spillage\lib_test_data\data_org\ppt\2136.ppt: ["CUI Coverpage CV2 detection"] - High
2025-02-04 11:41:53,851 - INFO - C:\Users\Nate\Documents\Convergent\spillage\lib_test_data\tp_all\2136.ppt: ["CUI Coverpage CV2 detection"] - High
2025-02-04 11:41:53,895 - INFO - C:\Users\Nate\Documents\Convergent\spillage\lib_test_data\single_file\single_file.zip: ["CUI//DISSEM-A/DISSEC-", "CONTROLLED//DISSEM-A/DISSEC-", "CUI Coverpage CV2 detection", "CUI (first 100 chars)", "CUI//SP", "CUI", "CONTROLLED"] - High
2025-02-04 11:41:54,159 - INFO - C:\Users\Nate\Documents\Convergent\spillage\lib_test_data\test_images\IMG_20230313_184354.png: ["SF903 Image CV2 detection"] - High
2025-02-04 11:41:54,164 - INFO - C:\Users\Nate\Documents\Convergent\spillage\lib_test_data\test_images\cui_cov_draw_over.bmp: ["CUI Coverpage CV2 detection"] - High
2025-02-04 11:41:54,180 - INFO - C:\Users\Nate\Documents\Convergent\spillage\lib_test_data\test_images\SF901-18a.pdf: ["CUI (first 100 chars)", "CUI Coverpage CV2 detection", "CUI"] - High
2025-02-04 11:41:54,184 - INFO - C:\Users\Nate\Documents\Convergent\spillage\lib_test_data\test_images\IMG_20230313_184413.png: ["SF903 Image CV2 detection", "SF902 Image CV2 detection"] - High
2025-02-04 11:41:54,224 - INFO - C:\Users\Nate\Documents\Convergent\spillage\lib_test_data\test_images\SF902.png: ["SF902 or SF903 hash match", "SF902 Image CV2 detection"] - High
2025-02-04 11:41:54,241 - INFO - C:\Users\Nate\Documents\Convergent\spillage\lib_test_data\test_images\SF903.png: ["SF903 Image CV2 detection", "SF902 or SF903 hash match"] - High
2025-02-04 11:41:54,521 - INFO - C:\Users\Nate\Documents\Convergent\spillage\lib_test_data\tp_all\10023.vsdx: ["CUI (first 100 chars)"] - Med
2025-02-04 11:41:54,521 - INFO - C:\Users\Nate\Documents\Convergent\spillage\lib_test_data\data_org\vsdx\10023.vsdx: ["CUI (first 100 chars)"] - Med
2025-02-04 11:41:54,523 - INFO - C:\Users\Nate\Documents\Convergent\spillage\lib_test_data\test_files\10023.vsdx: ["CUI (first 100 chars)"] - Med
2025-02-04 11:41:54,528 - INFO - C:\Users\Nate\Documents\Convergent\spillage\lib_test_data\tp_all\10017.vsdx: ["CONTROLLED (first 100 chars)"] - Med
2025-02-04 11:41:54,528 - INFO - C:\Users\Nate\Documents\Convergent\spillage\lib_test_data\data_org\vsdx\10017.vsdx: ["CONTROLLED (first 100 chars)"] - Med
2025-02-04 11:41:54,528 - INFO - C:\Users\Nate\Documents\Convergent\spillage\lib_test_data\test_files\10017.vsdx: ["CONTROLLED (first 100 chars)"] - Med
2025-02-04 11:41:54,547 - INFO - C:\Users\Nate\Documents\Convergent\spillage\lib_test_data\tp_all\10037.vsdx: ["CUI//DISEM-A/DISSEM- (first 100 chars)"] - High
2025-02-04 11:41:54,547 - INFO - C:\Users\Nate\Documents\Convergent\spillage\lib_test_data\data_org\vsdx\10037.vsdx: ["CUI//DISEM-A/DISSEM- (first 100 chars)"] - High
2025-02-04 11:41:54,547 - INFO - C:\Users\Nate\Documents\Convergent\spillage\lib_test_data\test_files\10037.vsdx: ["CUI//DISEM-A/DISSEM- (first 100 chars)"] - High
2025-02-04 11:41:54,644 - INFO - C:\Users\Nate\Documents\Convergent\spillage\lib_test_data\tp_all\1131.pdf: ["CUI Designation Indicator match", "CUI//DISEM-A/DISSEM- (first 100 chars)", "CUI", "CUI//DISEM-A/DISSEM-"] - High
2025-02-04 11:41:54,645 - INFO - C:\Users\Nate\Documents\Convergent\spillage\lib_test_data\data_org\pdf\1131.pdf: ["CUI Designation Indicator match", "CUI//DISEM-A/DISSEM- (first 100 chars)", "CUI", "CUI//DISEM-A/DISSEM-"] - High
2025-02-04 11:41:54,646 - INFO - C:\Users\Nate\Documents\Convergent\spillage\lib_test_data\Test_CUI_Library_Final_1\1131.pdf: ["CUI Designation Indicator match", "CUI//DISEM-A/DISSEM- (first 100 chars)", "CUI", "CUI//DISEM-A/DISSEM-"] - High
2025-02-04 11:41:54,661 - INFO - C:\Users\Nate\Documents\Convergent\spillage\lib_test_data\data_org\doc\601.doc: ["CUI"] - Low
2025-02-04 11:41:54,662 - INFO - C:\Users\Nate\Documents\Convergent\spillage\lib_test_data\tp_all\601.doc: ["CUI"] - Low
2025-02-04 11:41:54,662 - INFO - C:\Users\Nate\Documents\Convergent\spillage\lib_test_data\Test_CUI_Library_Final_1\601.doc: ["CUI"] - Low
2025-02-04 11:41:54,903 - INFO - C:\Users\Nate\Documents\Convergent\spillage\lib_test_data\tp_all\2269.pdf: ["CUI Coverpage CV2 detection"] - High
2025-02-04 11:41:54,903 - INFO - C:\Users\Nate\Documents\Convergent\spillage\lib_test_data\data_org\pdf\2269.pdf: ["CUI Coverpage CV2 detection"] - High
2025-02-04 11:41:54,905 - INFO - C:\Users\Nate\Documents\Convergent\spillage\lib_test_data\Test_CUI_Library_Final_1\2269.pdf: ["CUI Coverpage CV2 detection"] - High
2025-02-04 11:41:54,977 - INFO - C:\Users\Nate\Documents\Convergent\spillage\lib_test_data\tp_all\2053.pptx: ["CUI Coverpage CV2 detection"] - High
2025-02-04 11:41:54,977 - INFO - C:\Users\Nate\Documents\Convergent\spillage\lib_test_data\data_org\pptx\2053.pptx: ["CUI Coverpage CV2 detection"] - High
2025-02-04 11:41:54,979 - INFO - C:\Users\Nate\Documents\Convergent\spillage\lib_test_data\Test_CUI_Library_Final_1\2053.pptx: ["CUI Coverpage CV2 detection"] - High
2025-02-04 11:41:55,132 - INFO - C:\Users\Nate\Documents\Convergent\spillage\lib_test_data\tp_all\2401.txt: ["CUI (first 100 chars)"] - Med
2025-02-04 11:41:55,132 - INFO - C:\Users\Nate\Documents\Convergent\spillage\lib_test_data\data_org\txt\2401.txt: ["CUI (first 100 chars)"] - Med
2025-02-04 11:41:55,133 - INFO - C:\Users\Nate\Documents\Convergent\spillage\lib_test_data\Test_CUI_Library_Final_1\2401.txt: ["CUI (first 100 chars)"] - Med
2025-02-04 11:41:55,134 - INFO - C:\Users\Nate\Documents\Convergent\spillage\lib_test_data\test_lib_2\JCI Test CUI Library 2\2415.txt: ["CUI (first 100 chars)"] - Med
2025-02-04 11:41:55,145 - INFO - C:\Users\Nate\Documents\Convergent\spillage\lib_test_data\data_org\doc\638.doc: ["CONTROLLED"] - Low
2025-02-04 11:41:55,145 - INFO - C:\Users\Nate\Documents\Convergent\spillage\lib_test_data\tp_all\638.doc: ["CONTROLLED"] - Low
2025-02-04 11:41:55,145 - INFO - C:\Users\Nate\Documents\Convergent\spillage\lib_test_data\Test_CUI_Library_Final_1\638.doc: ["CONTROLLED"] - Low
2025-02-04 11:41:55,174 - INFO - C:\Users\Nate\Documents\Convergent\spillage\lib_test_data\tp_all\2466.txt: ["CONTROLLED (first 100 chars)"] - Med
2025-02-04 11:41:55,174 - INFO - C:\Users\Nate\Documents\Convergent\spillage\lib_test_data\data_org\txt\2466.txt: ["CONTROLLED (first 100 chars)"] - Med
2025-02-04 11:41:55,177 - INFO - C:\Users\Nate\Documents\Convergent\spillage\lib_test_data\Test_CUI_Library_Final_1\2466.txt: ["CONTROLLED (first 100 chars)"] - Med
2025-02-04 11:41:55,177 - INFO - C:\Users\Nate\Documents\Convergent\spillage\lib_test_data\test_lib_2\JCI Test CUI Library 2\2482.txt: ["CONTROLLED (first 100 chars)"] - Med
2025-02-04 11:41:55,213 - INFO - C:\Users\Nate\Documents\Convergent\spillage\lib_test_data\tp_all\2424.txt: ["CUI//DISSEM-A/DISSEC- (first 100 chars)"] - High
2025-02-04 11:41:55,213 - INFO - C:\Users\Nate\Documents\Convergent\spillage\lib_test_data\data_org\txt\2424.txt: ["CUI//DISSEM-A/DISSEC- (first 100 chars)"] - High
2025-02-04 11:41:55,214 - INFO - C:\Users\Nate\Documents\Convergent\spillage\lib_test_data\Test_CUI_Library_Final_1\2424.txt: ["CUI//DISSEM-A/DISSEC- (first 100 chars)"] - High
2025-02-04 11:41:55,215 - INFO - C:\Users\Nate\Documents\Convergent\spillage\lib_test_data\test_lib_2\JCI Test CUI Library 2\2451.txt: ["CUI//DISSEM-A/DISSEC- (first 100 chars)"] - High
2025-02-04 11:41:55,320 - INFO - C:\Users\Nate\Documents\Convergent\spillage\lib_test_data\tp_all\930.doc: ["CONTROLLED//DISEMA/DISSEMC"] - High
2025-02-04 11:41:55,320 - INFO - C:\Users\Nate\Documents\Convergent\spillage\lib_test_data\data_org\doc\930.doc: ["CONTROLLED//DISEMA/DISSEMC"] - High
2025-02-04 11:41:55,320 - INFO - C:\Users\Nate\Documents\Convergent\spillage\lib_test_data\Test_CUI_Library_Final_1\930.doc: ["CONTROLLED//DISEMA/DISSEMC"] - High
2025-02-04 11:41:57,092 - INFO - C:\Users\Nate\Documents\Convergent\spillage\lib_test_data\Test_CUI_Library_Final_1\1901.xls: ["CUI (first 100 chars)"] - Med
2025-02-04 11:41:57,095 - INFO - C:\Users\Nate\Documents\Convergent\spillage\lib_test_data\Test_CUI_Library_Final_1\2136.ppt: ["CUI Coverpage CV2 detection"] - High
2025-02-04 11:41:57,197 - INFO - C:\Users\Nate\Documents\Convergent\spillage\lib_test_data\test_lib_2\JCI Test CUI Library 2\10162.pdf: ["CUI Coverpage CV2 detection"] - High
2025-02-04 11:41:57,202 - INFO - C:\Users\Nate\Documents\Convergent\spillage\lib_test_data\test_lib_2\JCI Test CUI Library 2\1123.pdf: ["CUI Coverpage CV2 detection"] - High
2025-02-04 11:41:57,205 - INFO - C:\Users\Nate\Documents\Convergent\spillage\lib_test_data\test_lib_2\JCI Test CUI Library 2\1316.pdf: ["CUI (first 100 chars)", "CUI"] - Med
2025-02-04 11:41:57,208 - INFO - C:\Users\Nate\Documents\Convergent\spillage\lib_test_data\test_lib_2\JCI Test CUI Library 2\1360.pdf: ["CONTROLLED (first 100 chars)", "CONTROLLED"] - Med
2025-02-04 11:41:57,212 - INFO - C:\Users\Nate\Documents\Convergent\spillage\lib_test_data\test_lib_2\JCI Test CUI Library 2\1440.pdf: ["CUI"] - Low
2025-02-04 11:41:57,216 - INFO - C:\Users\Nate\Documents\Convergent\spillage\lib_test_data\test_lib_2\JCI Test CUI Library 2\1490.pdf: ["CUI", "CUI//DISEM-A/DISSEM- (first 100 chars)", "CUI Designation Indicator match", "CUI//DISEM-A/DISSEM-"] - High
2025-02-04 11:41:57,223 - INFO - C:\Users\Nate\Documents\Convergent\spillage\lib_test_data\test_lib_2\JCI Test CUI Library 2\1547.xlsx: ["SF902 or SF903 hash match"] - High
2025-02-04 11:41:57,228 - INFO - C:\Users\Nate\Documents\Convergent\spillage\lib_test_data\test_lib_2\JCI Test CUI Library 2\1620.xlsx: ["CUI Coverpage CV2 detection"] - High
2025-02-04 11:41:57,240 - INFO - C:\Users\Nate\Documents\Convergent\spillage\lib_test_data\test_lib_2\JCI Test CUI Library 2\193.docx: ["CUI (first 100 chars)"] - Med
2025-02-04 11:41:57,243 - INFO - C:\Users\Nate\Documents\Convergent\spillage\lib_test_data\test_lib_2\JCI Test CUI Library 2\2056.pptx: ["CUI"] - Low
2025-02-04 11:41:57,254 - INFO - C:\Users\Nate\Documents\Convergent\spillage\lib_test_data\test_lib_2\JCI Test CUI Library 2\2090.pptx: ["CUI Coverpage CV2 detection"] - High
2025-02-04 11:41:57,257 - INFO - C:\Users\Nate\Documents\Convergent\spillage\lib_test_data\test_lib_2\JCI Test CUI Library 2\2174.ppt: ["CUI Coverpage CV2 detection"] - High
2025-02-04 11:41:57,269 - INFO - C:\Users\Nate\Documents\Convergent\spillage\lib_test_data\test_lib_2\JCI Test CUI Library 2\2214.pdf: ["CUI Coverpage CV2 detection"] - High
2025-02-04 11:41:57,272 - INFO - C:\Users\Nate\Documents\Convergent\spillage\lib_test_data\test_lib_2\JCI Test CUI Library 2\222.docx: ["CONTROLLED (first 100 chars)"] - Med
2025-02-04 11:41:57,279 - INFO - C:\Users\Nate\Documents\Convergent\spillage\lib_test_data\test_lib_2\JCI Test CUI Library 2\2323.msg: ["CUI//SP-EXPT (first 250 chars)", "CUI//SP-CEII (first 100 chars)"] - High
2025-02-04 11:41:57,284 - INFO - C:\Users\Nate\Documents\Convergent\spillage\lib_test_data\test_lib_2\JCI Test CUI Library 2\2380.msg: ["CUI//SP-EXPT (first 250 chars)", "CUI//SP-CEII (first 100 chars)"] - High
2025-02-04 11:41:57,289 - INFO - C:\Users\Nate\Documents\Convergent\spillage\lib_test_data\test_lib_2\JCI Test CUI Library 2\240.docx: ["CUI"] - Low
2025-02-04 11:41:57,296 - INFO - C:\Users\Nate\Documents\Convergent\spillage\lib_test_data\test_lib_2\JCI Test CUI Library 2\2526.pdf: ["CUI Coverpage CV2 detection"] - High
2025-02-04 11:41:57,300 - INFO - C:\Users\Nate\Documents\Convergent\spillage\lib_test_data\test_lib_2\JCI Test CUI Library 2\401.docx: ["CUI Designation Indicator match", "CUI//DISEM-A/DISSEM- (first 100 chars)", "CUI"] - High
2025-02-04 11:41:57,305 - INFO - C:\Users\Nate\Documents\Convergent\spillage\lib_test_data\test_lib_2\JCI Test CUI Library 2\430.docx: ["CONTROLLED//DISEM-A/DISSEM- (first 100 chars)", "CUI Designation Indicator match", "CUI"] - High
2025-02-04 11:41:57,320 - INFO - C:\Users\Nate\Documents\Convergent\spillage\lib_test_data\test_lib_2\JCI Test CUI Library 2\629.doc: ["CUI"] - Low
2025-02-04 11:41:57,325 - INFO - C:\Users\Nate\Documents\Convergent\spillage\lib_test_data\test_lib_2\JCI Test CUI Library 2\697.doc: ["CONTROLLED"] - Low
2025-02-04 11:41:57,336 - INFO - C:\Users\Nate\Documents\Convergent\spillage\lib_test_data\test_lib_2\JCI Test CUI Library 2\776.doc: ["CUI"] - Low
2025-02-04 11:41:57,343 - INFO - C:\Users\Nate\Documents\Convergent\spillage\lib_test_data\test_lib_2\JCI Test CUI Library 2\879.doc: ["CUI//DISEMA/DISSEMC"] - High
2025-02-04 11:41:57,347 - INFO - C:\Users\Nate\Documents\Convergent\spillage\lib_test_data\test_lib_2\JCI Test CUI Library 2\915.doc: ["CONTROLLED//DISEMA/DISSEMC"] - High
2025-02-04 11:41:57,350 - INFO - C:\Users\Nate\Documents\Convergent\spillage\lib_test_data\test_lib_2\JCI Test CUI Library 2\94.docx: ["CUI (first 100 chars)"] - Med
